<?xml version="1.0" encoding="UTF-8"?>
<!-- Generated by org.testng.reporters.JUnitReportReporter -->
<testsuite hostname="Viveks-MacBook-Air.local" failures="0" tests="1" name="testcases.test00" time="14.020" errors="0" timestamp="2023-03-11T13:38:12 IST" skipped="0">
  <testcase classname="testcases.test00" name="JS_prompt" time="14.020"/>
  <system-out/>
</testsuite> <!-- testcases.test00 -->
