<?xml version="1.0" encoding="UTF-8"?>
<!-- Generated by org.testng.reporters.JUnitReportReporter -->
<testsuite hostname="Mukeshs-MacBook-Air-2.local" failures="0" tests="3" name="testcases.DemoTest2" time="0.009" errors="0" timestamp="2023-02-20T09:07:17 IST" skipped="0">
  <testcase classname="testcases.DemoTest2" name="test4" time="0.002"/>
  <system-out/>
  <testcase classname="testcases.DemoTest2" name="test5" time="0.002"/>
  <system-out/>
  <testcase classname="testcases.DemoTest2" name="test6" time="0.005"/>
  <system-out/>
</testsuite> <!-- testcases.DemoTest2 -->
