<?xml version="1.0" encoding="UTF-8"?>
<!-- Generated by org.testng.reporters.JUnitReportReporter -->
<testsuite hostname="Viveks-MacBook-Air.local" failures="0" tests="1" name="testcases.test00" time="7.975" errors="0" timestamp="2023-03-09T06:12:49 IST" skipped="0">
  <testcase classname="testcases.test00" name="JS_prompt" time="7.975"/>
  <system-out/>
</testsuite> <!-- testcases.test00 -->
