<?xml version="1.0" encoding="UTF-8"?>
<!-- Generated by org.testng.reporters.JUnitReportReporter -->
<testsuite hostname="Viveks-MacBook-Air.local" failures="0" tests="1" name="testcases.test00" time="11.051" errors="0" timestamp="2023-03-04T04:53:40 IST" skipped="0">
  <testcase classname="testcases.test00" name="JS_confirm" time="11.051"/>
  <system-out/>
</testsuite> <!-- testcases.test00 -->
