<?xml version="1.0" encoding="UTF-8"?>
<!-- Generated by org.testng.reporters.JUnitReportReporter -->
<testsuite hostname="Viveks-MacBook-Air.local" failures="0" tests="1" name="testcases.test00" time="10.349" errors="0" timestamp="2023-02-24T08:50:26 IST" skipped="0">
  <testcase classname="testcases.test00" name="JS_confirm" time="10.349"/>
  <system-out/>
</testsuite> <!-- testcases.test00 -->
